#
# There is insufficient memory for the Java Runtime Environment to continue.
# Native memory allocation (mmap) failed to map 65536 bytes for Failed to commit metaspace.
# Possible reasons:
#   The system is out of physical RAM or swap space
#   The process is running with CompressedOops enabled, and the Java Heap may be blocking the growth of the native heap
# Possible solutions:
#   Reduce memory load on the system
#   Increase physical memory or swap space
#   Check if swap backing store is full
#   Decrease Java heap size (-Xmx/-Xms)
#   Decrease number of Java threads
#   Decrease Java thread stack sizes (-Xss)
#   Set larger code cache with -XX:ReservedCodeCacheSize=
#   JVM is running with Unscaled Compressed Oops mode in which the Java heap is
#     placed in the first 4GB address space. The Java Heap base address is the
#     maximum limit for the native heap growth. Please use -XX:HeapBaseMinAddress
#     to set the Java Heap base and to place the Java Heap above 4GB virtual address.
# This output file may be truncated or incomplete.
#
#  Out of Memory Error (virtualSpaceNode.cpp:110), pid=39500, tid=37940
#
# JRE version: Java(TM) SE Runtime Environment (17.0.8+9) (build 17.0.8+9-LTS-211)
# Java VM: Java HotSpot(TM) 64-Bit Server VM (17.0.8+9-LTS-211, mixed mode, sharing, tiered, compressed oops, compressed class ptrs, g1 gc, windows-amd64)
# No core dump will be written. Minidumps are not enabled by default on client versions of Windows
#

---------------  S U M M A R Y ------------

Command Line: -javaagent:C:\Program Files\JetBrains\IntelliJ IDEA Community Edition 2023.2\lib\idea_rt.jar=55516:C:\Program Files\JetBrains\IntelliJ IDEA Community Edition 2023.2\bin -Dfile.encoding=UTF-8 com.group3.torikago.Torikago.Shop.TorikagoShopApplication

Host: Intel(R) Core(TM) i5-5300U CPU @ 2.30GHz, 4 cores, 7G,  Windows 10 , 64 bit Build 19041 (10.0.19041.3570)
Time: Tue Oct 31 23:17:30 2023 SE Asia Standard Time elapsed time: 2.507068 seconds (0d 0h 0m 2s)

---------------  T H R E A D  ---------------

Current thread (0x0000020691de5660):  JavaThread "main" [_thread_in_vm, id=37940, stack(0x00000007d8e00000,0x00000007d8f00000)]

Stack: [0x00000007d8e00000,0x00000007d8f00000]
Native frames: (J=compiled Java code, j=interpreted, Vv=VM code, C=native code)
V  [jvm.dll+0x677d0a]
V  [jvm.dll+0x7d8c54]
V  [jvm.dll+0x7da3fe]
V  [jvm.dll+0x7daa63]
V  [jvm.dll+0x245c5f]
V  [jvm.dll+0x7d4d5b]
V  [jvm.dll+0x61dcf6]
V  [jvm.dll+0x1c0127]
V  [jvm.dll+0x620650]
V  [jvm.dll+0x61e6b6]
V  [jvm.dll+0x628487]
V  [jvm.dll+0x1e9bdd]
V  [jvm.dll+0x1ea1a5]
V  [jvm.dll+0x1eaaeb]
V  [jvm.dll+0x1e02f1]
V  [jvm.dll+0x53ddbc]
V  [jvm.dll+0x753768]
V  [jvm.dll+0x753854]
V  [jvm.dll+0x40ba4f]
V  [jvm.dll+0x411a69]
C  [java.dll+0x17ec]

Java frames: (J=compiled Java code, j=interpreted, Vv=VM code)
j  java.lang.ClassLoader.defineClass1(Ljava/lang/ClassLoader;Ljava/lang/String;[BIILjava/security/ProtectionDomain;Ljava/lang/String;)Ljava/lang/Class;+0 java.base@17.0.8
j  java.lang.ClassLoader.defineClass(Ljava/lang/String;[BIILjava/security/ProtectionDomain;)Ljava/lang/Class;+27 java.base@17.0.8
j  java.security.SecureClassLoader.defineClass(Ljava/lang/String;[BIILjava/security/CodeSource;)Ljava/lang/Class;+12 java.base@17.0.8
j  jdk.internal.loader.BuiltinClassLoader.defineClass(Ljava/lang/String;Ljdk/internal/loader/Resource;)Ljava/lang/Class;+117 java.base@17.0.8
j  jdk.internal.loader.BuiltinClassLoader.findClassOnClassPathOrNull(Ljava/lang/String;)Ljava/lang/Class;+37 java.base@17.0.8
j  jdk.internal.loader.BuiltinClassLoader.loadClassOrNull(Ljava/lang/String;Z)Ljava/lang/Class;+111 java.base@17.0.8
j  jdk.internal.loader.BuiltinClassLoader.loadClass(Ljava/lang/String;Z)Ljava/lang/Class;+3 java.base@17.0.8
j  jdk.internal.loader.ClassLoaders$AppClassLoader.loadClass(Ljava/lang/String;Z)Ljava/lang/Class;+36 java.base@17.0.8
j  java.lang.ClassLoader.loadClass(Ljava/lang/String;)Ljava/lang/Class;+3 java.base@17.0.8
v  ~StubRoutines::call_stub
j  ch.qos.logback.classic.LoggerContext.<init>()V+76
j  ch.qos.logback.classic.spi.LogbackServiceProvider.initialize()V+5
j  org.slf4j.LoggerFactory.bind()V+37
j  org.slf4j.LoggerFactory.performInitialization()V+0
j  org.slf4j.LoggerFactory.getProvider()Lorg/slf4j/spi/SLF4JServiceProvider;+21
j  org.slf4j.LoggerFactory.getILoggerFactory()Lorg/slf4j/ILoggerFactory;+0
j  org.slf4j.LoggerFactory.getLogger(Ljava/lang/String;)Lorg/slf4j/Logger;+0
j  org.apache.commons.logging.LogAdapter$Slf4jAdapter.createLocationAwareLog(Ljava/lang/String;)Lorg/apache/commons/logging/Log;+1
j  org.apache.commons.logging.LogAdapter$$Lambda$16+0x00000206b1007098.apply(Ljava/lang/Object;)Ljava/lang/Object;+4
j  org.apache.commons.logging.LogAdapter.createLog(Ljava/lang/String;)Lorg/apache/commons/logging/Log;+4
j  org.apache.commons.logging.LogFactory.getLog(Ljava/lang/String;)Lorg/apache/commons/logging/Log;+1
j  org.apache.commons.logging.LogFactory.getLog(Ljava/lang/Class;)Lorg/apache/commons/logging/Log;+4
j  org.springframework.boot.SpringApplication.<clinit>()V+2
v  ~StubRoutines::call_stub
j  com.group3.torikago.Torikago.Shop.TorikagoShopApplication.main([Ljava/lang/String;)V+3
v  ~StubRoutines::call_stub

---------------  P R O C E S S  ---------------

Threads class SMR info:
_java_thread_list=0x00000206af9b6870, length=13, elements={
0x0000020691de5660, 0x00000206af6330c0, 0x00000206af633e40, 0x00000206af642540,
0x00000206af642e00, 0x00000206af6436c0, 0x00000206af643f80, 0x00000206af644c20,
0x00000206af6485f0, 0x00000206af6bb730, 0x00000206af855b00, 0x00000206afac5b70,
0x00000206afa03bd0
}

Java Threads: ( => current thread )
=>0x0000020691de5660 JavaThread "main" [_thread_in_vm, id=37940, stack(0x00000007d8e00000,0x00000007d8f00000)]
  0x00000206af6330c0 JavaThread "Reference Handler" daemon [_thread_blocked, id=38884, stack(0x00000007d9500000,0x00000007d9600000)]
  0x00000206af633e40 JavaThread "Finalizer" daemon [_thread_blocked, id=28112, stack(0x00000007d9600000,0x00000007d9700000)]
  0x00000206af642540 JavaThread "Signal Dispatcher" daemon [_thread_blocked, id=11220, stack(0x00000007d9700000,0x00000007d9800000)]
  0x00000206af642e00 JavaThread "Attach Listener" daemon [_thread_blocked, id=17384, stack(0x00000007d9800000,0x00000007d9900000)]
  0x00000206af6436c0 JavaThread "Service Thread" daemon [_thread_blocked, id=7576, stack(0x00000007d9900000,0x00000007d9a00000)]
  0x00000206af643f80 JavaThread "Monitor Deflation Thread" daemon [_thread_blocked, id=108, stack(0x00000007d9a00000,0x00000007d9b00000)]
  0x00000206af644c20 JavaThread "C2 CompilerThread0" daemon [_thread_blocked, id=27756, stack(0x00000007d9b00000,0x00000007d9c00000)]
  0x00000206af6485f0 JavaThread "C1 CompilerThread0" daemon [_thread_blocked, id=13728, stack(0x00000007d9c00000,0x00000007d9d00000)]
  0x00000206af6bb730 JavaThread "Sweeper thread" daemon [_thread_blocked, id=18132, stack(0x00000007d9d00000,0x00000007d9e00000)]
  0x00000206af855b00 JavaThread "Common-Cleaner" daemon [_thread_blocked, id=20524, stack(0x00000007d9e00000,0x00000007d9f00000)]
  0x00000206afac5b70 JavaThread "Monitor Ctrl-Break" daemon [_thread_in_native, id=10512, stack(0x00000007d9f00000,0x00000007da000000)]
  0x00000206afa03bd0 JavaThread "Notification Thread" daemon [_thread_blocked, id=24220, stack(0x00000007da000000,0x00000007da100000)]

Other Threads:
  0x00000206af62dcf0 VMThread "VM Thread" [stack: 0x00000007d9400000,0x00000007d9500000] [id=30284]
  0x00000206afa040a0 WatcherThread [stack: 0x00000007da100000,0x00000007da200000] [id=16044]
  0x0000020691e3e830 GCTaskThread "GC Thread#0" [stack: 0x00000007d8f00000,0x00000007d9000000] [id=4004]
  0x000002068fd3dea0 ConcurrentGCThread "G1 Main Marker" [stack: 0x00000007d9000000,0x00000007d9100000] [id=16280]
  0x000002068fd3e7c0 ConcurrentGCThread "G1 Conc#0" [stack: 0x00000007d9100000,0x00000007d9200000] [id=10336]
  0x0000020691ea1e60 ConcurrentGCThread "G1 Refine#0" [stack: 0x00000007d9200000,0x00000007d9300000] [id=20904]
  0x0000020691ea2790 ConcurrentGCThread "G1 Service" [stack: 0x00000007d9300000,0x00000007d9400000] [id=17092]

Threads with active compile tasks:

VM state: not at safepoint (normal execution)

VM Mutex/Monitor currently owned by a thread:  ([mutex/lock_event])
[0x0000020691ddf5d0] Metaspace_lock - owner thread: 0x0000020691de5660

Heap address: 0x0000000081e00000, size: 2018 MB, Compressed Oops mode: 32-bit

CDS archive(s) mapped at: [0x00000206b0000000-0x00000206b0bd0000-0x00000206b0bd0000), size 12386304, SharedBaseAddress: 0x00000206b0000000, ArchiveRelocationMode: 1.
Compressed class space mapped at: 0x00000206b1000000-0x00000206f1000000, reserved size: 1073741824
Narrow klass base: 0x00000206b0000000, Narrow klass shift: 0, Narrow klass range: 0x100000000

GC Precious Log:
 CPUs: 4 total, 4 available
 Memory: 8067M
 Large Page Support: Disabled
 NUMA Support: Disabled
 Compressed Oops: Enabled (32-bit)
 Heap Region Size: 1M
 Heap Min Capacity: 8M
 Heap Initial Capacity: 128M
 Heap Max Capacity: 2018M
 Pre-touch: Disabled
 Parallel Workers: 4
 Concurrent Workers: 1
 Concurrent Refinement Workers: 4
 Periodic GC: Disabled

Heap:
 garbage-first heap   total 131072K, used 9216K [0x0000000081e00000, 0x0000000100000000)
  region size 1024K, 10 young (10240K), 0 survivors (0K)
 Metaspace       used 1538K, committed 1664K, reserved 1114112K
  class space    used 120K, committed 192K, reserved 1048576K

Heap Regions: E=young(eden), S=young(survivor), O=old, HS=humongous(starts), HC=humongous(continues), CS=collection set, F=free, OA=open archive, CA=closed archive, TAMS=top-at-mark-start (previous, next)
|   0|0x0000000081e00000, 0x0000000081f00000, 0x0000000081f00000|100%|HS|  |TAMS 0x0000000081e00000, 0x0000000081e00000| Complete 
|   1|0x0000000081f00000, 0x0000000081f00000, 0x0000000082000000|  0%| F|  |TAMS 0x0000000081f00000, 0x0000000081f00000| Untracked 
|   2|0x0000000082000000, 0x0000000082000000, 0x0000000082100000|  0%| F|  |TAMS 0x0000000082000000, 0x0000000082000000| Untracked 
|   3|0x0000000082100000, 0x0000000082100000, 0x0000000082200000|  0%| F|  |TAMS 0x0000000082100000, 0x0000000082100000| Untracked 
|   4|0x0000000082200000, 0x0000000082200000, 0x0000000082300000|  0%| F|  |TAMS 0x0000000082200000, 0x0000000082200000| Untracked 
|   5|0x0000000082300000, 0x0000000082300000, 0x0000000082400000|  0%| F|  |TAMS 0x0000000082300000, 0x0000000082300000| Untracked 
|   6|0x0000000082400000, 0x0000000082400000, 0x0000000082500000|  0%| F|  |TAMS 0x0000000082400000, 0x0000000082400000| Untracked 
|   7|0x0000000082500000, 0x0000000082500000, 0x0000000082600000|  0%| F|  |TAMS 0x0000000082500000, 0x0000000082500000| Untracked 
|   8|0x0000000082600000, 0x0000000082600000, 0x0000000082700000|  0%| F|  |TAMS 0x0000000082600000, 0x0000000082600000| Untracked 
|   9|0x0000000082700000, 0x0000000082700000, 0x0000000082800000|  0%| F|  |TAMS 0x0000000082700000, 0x0000000082700000| Untracked 
|  10|0x0000000082800000, 0x0000000082800000, 0x0000000082900000|  0%| F|  |TAMS 0x0000000082800000, 0x0000000082800000| Untracked 
|  11|0x0000000082900000, 0x0000000082900000, 0x0000000082a00000|  0%| F|  |TAMS 0x0000000082900000, 0x0000000082900000| Untracked 
|  12|0x0000000082a00000, 0x0000000082a00000, 0x0000000082b00000|  0%| F|  |TAMS 0x0000000082a00000, 0x0000000082a00000| Untracked 
|  13|0x0000000082b00000, 0x0000000082b00000, 0x0000000082c00000|  0%| F|  |TAMS 0x0000000082b00000, 0x0000000082b00000| Untracked 
|  14|0x0000000082c00000, 0x0000000082c00000, 0x0000000082d00000|  0%| F|  |TAMS 0x0000000082c00000, 0x0000000082c00000| Untracked 
|  15|0x0000000082d00000, 0x0000000082d00000, 0x0000000082e00000|  0%| F|  |TAMS 0x0000000082d00000, 0x0000000082d00000| Untracked 
|  16|0x0000000082e00000, 0x0000000082e00000, 0x0000000082f00000|  0%| F|  |TAMS 0x0000000082e00000, 0x0000000082e00000| Untracked 
|  17|0x0000000082f00000, 0x0000000082f00000, 0x0000000083000000|  0%| F|  |TAMS 0x0000000082f00000, 0x0000000082f00000| Untracked 
|  18|0x0000000083000000, 0x0000000083000000, 0x0000000083100000|  0%| F|  |TAMS 0x0000000083000000, 0x0000000083000000| Untracked 
|  19|0x0000000083100000, 0x0000000083100000, 0x0000000083200000|  0%| F|  |TAMS 0x0000000083100000, 0x0000000083100000| Untracked 
|  20|0x0000000083200000, 0x0000000083200000, 0x0000000083300000|  0%| F|  |TAMS 0x0000000083200000, 0x0000000083200000| Untracked 
|  21|0x0000000083300000, 0x0000000083300000, 0x0000000083400000|  0%| F|  |TAMS 0x0000000083300000, 0x0000000083300000| Untracked 
|  22|0x0000000083400000, 0x0000000083400000, 0x0000000083500000|  0%| F|  |TAMS 0x0000000083400000, 0x0000000083400000| Untracked 
|  23|0x0000000083500000, 0x0000000083500000, 0x0000000083600000|  0%| F|  |TAMS 0x0000000083500000, 0x0000000083500000| Untracked 
|  24|0x0000000083600000, 0x0000000083600000, 0x0000000083700000|  0%| F|  |TAMS 0x0000000083600000, 0x0000000083600000| Untracked 
|  25|0x0000000083700000, 0x0000000083700000, 0x0000000083800000|  0%| F|  |TAMS 0x0000000083700000, 0x0000000083700000| Untracked 
|  26|0x0000000083800000, 0x0000000083800000, 0x0000000083900000|  0%| F|  |TAMS 0x0000000083800000, 0x0000000083800000| Untracked 
|  27|0x0000000083900000, 0x0000000083900000, 0x0000000083a00000|  0%| F|  |TAMS 0x0000000083900000, 0x0000000083900000| Untracked 
|  28|0x0000000083a00000, 0x0000000083a00000, 0x0000000083b00000|  0%| F|  |TAMS 0x0000000083a00000, 0x0000000083a00000| Untracked 
|  29|0x0000000083b00000, 0x0000000083b00000, 0x0000000083c00000|  0%| F|  |TAMS 0x0000000083b00000, 0x0000000083b00000| Untracked 
|  30|0x0000000083c00000, 0x0000000083c00000, 0x0000000083d00000|  0%| F|  |TAMS 0x0000000083c00000, 0x0000000083c00000| Untracked 
|  31|0x0000000083d00000, 0x0000000083d00000, 0x0000000083e00000|  0%| F|  |TAMS 0x0000000083d00000, 0x0000000083d00000| Untracked 
|  32|0x0000000083e00000, 0x0000000083e00000, 0x0000000083f00000|  0%| F|  |TAMS 0x0000000083e00000, 0x0000000083e00000| Untracked 
|  33|0x0000000083f00000, 0x0000000083f00000, 0x0000000084000000|  0%| F|  |TAMS 0x0000000083f00000, 0x0000000083f00000| Untracked 
|  34|0x0000000084000000, 0x0000000084000000, 0x0000000084100000|  0%| F|  |TAMS 0x0000000084000000, 0x0000000084000000| Untracked 
|  35|0x0000000084100000, 0x0000000084100000, 0x0000000084200000|  0%| F|  |TAMS 0x0000000084100000, 0x0000000084100000| Untracked 
|  36|0x0000000084200000, 0x0000000084200000, 0x0000000084300000|  0%| F|  |TAMS 0x0000000084200000, 0x0000000084200000| Untracked 
|  37|0x0000000084300000, 0x0000000084300000, 0x0000000084400000|  0%| F|  |TAMS 0x0000000084300000, 0x0000000084300000| Untracked 
|  38|0x0000000084400000, 0x0000000084400000, 0x0000000084500000|  0%| F|  |TAMS 0x0000000084400000, 0x0000000084400000| Untracked 
|  39|0x0000000084500000, 0x0000000084500000, 0x0000000084600000|  0%| F|  |TAMS 0x0000000084500000, 0x0000000084500000| Untracked 
|  40|0x0000000084600000, 0x0000000084600000, 0x0000000084700000|  0%| F|  |TAMS 0x0000000084600000, 0x0000000084600000| Untracked 
|  41|0x0000000084700000, 0x0000000084700000, 0x0000000084800000|  0%| F|  |TAMS 0x0000000084700000, 0x0000000084700000| Untracked 
|  42|0x0000000084800000, 0x0000000084800000, 0x0000000084900000|  0%| F|  |TAMS 0x0000000084800000, 0x0000000084800000| Untracked 
|  43|0x0000000084900000, 0x0000000084900000, 0x0000000084a00000|  0%| F|  |TAMS 0x0000000084900000, 0x0000000084900000| Untracked 
|  44|0x0000000084a00000, 0x0000000084a00000, 0x0000000084b00000|  0%| F|  |TAMS 0x0000000084a00000, 0x0000000084a00000| Untracked 
|  45|0x0000000084b00000, 0x0000000084b00000, 0x0000000084c00000|  0%| F|  |TAMS 0x0000000084b00000, 0x0000000084b00000| Untracked 
|  46|0x0000000084c00000, 0x0000000084c00000, 0x0000000084d00000|  0%| F|  |TAMS 0x0000000084c00000, 0x0000000084c00000| Untracked 
|  47|0x0000000084d00000, 0x0000000084d00000, 0x0000000084e00000|  0%| F|  |TAMS 0x0000000084d00000, 0x0000000084d00000| Untracked 
|  48|0x0000000084e00000, 0x0000000084e00000, 0x0000000084f00000|  0%| F|  |TAMS 0x0000000084e00000, 0x0000000084e00000| Untracked 
|  49|0x0000000084f00000, 0x0000000084f00000, 0x0000000085000000|  0%| F|  |TAMS 0x0000000084f00000, 0x0000000084f00000| Untracked 
|  50|0x0000000085000000, 0x0000000085000000, 0x0000000085100000|  0%| F|  |TAMS 0x0000000085000000, 0x0000000085000000| Untracked 
|  51|0x0000000085100000, 0x0000000085100000, 0x0000000085200000|  0%| F|  |TAMS 0x0000000085100000, 0x0000000085100000| Untracked 
|  52|0x0000000085200000, 0x0000000085200000, 0x0000000085300000|  0%| F|  |TAMS 0x0000000085200000, 0x0000000085200000| Untracked 
|  53|0x0000000085300000, 0x0000000085300000, 0x0000000085400000|  0%| F|  |TAMS 0x0000000085300000, 0x0000000085300000| Untracked 
|  54|0x0000000085400000, 0x0000000085400000, 0x0000000085500000|  0%| F|  |TAMS 0x0000000085400000, 0x0000000085400000| Untracked 
|  55|0x0000000085500000, 0x0000000085500000, 0x0000000085600000|  0%| F|  |TAMS 0x0000000085500000, 0x0000000085500000| Untracked 
|  56|0x0000000085600000, 0x0000000085600000, 0x0000000085700000|  0%| F|  |TAMS 0x0000000085600000, 0x0000000085600000| Untracked 
|  57|0x0000000085700000, 0x0000000085700000, 0x0000000085800000|  0%| F|  |TAMS 0x0000000085700000, 0x0000000085700000| Untracked 
|  58|0x0000000085800000, 0x0000000085800000, 0x0000000085900000|  0%| F|  |TAMS 0x0000000085800000, 0x0000000085800000| Untracked 
|  59|0x0000000085900000, 0x0000000085900000, 0x0000000085a00000|  0%| F|  |TAMS 0x0000000085900000, 0x0000000085900000| Untracked 
|  60|0x0000000085a00000, 0x0000000085a00000, 0x0000000085b00000|  0%| F|  |TAMS 0x0000000085a00000, 0x0000000085a00000| Untracked 
|  61|0x0000000085b00000, 0x0000000085b00000, 0x0000000085c00000|  0%| F|  |TAMS 0x0000000085b00000, 0x0000000085b00000| Untracked 
|  62|0x0000000085c00000, 0x0000000085c00000, 0x0000000085d00000|  0%| F|  |TAMS 0x0000000085c00000, 0x0000000085c00000| Untracked 
|  63|0x0000000085d00000, 0x0000000085d00000, 0x0000000085e00000|  0%| F|  |TAMS 0x0000000085d00000, 0x0000000085d00000| Untracked 
|  64|0x0000000085e00000, 0x0000000085e00000, 0x0000000085f00000|  0%| F|  |TAMS 0x0000000085e00000, 0x0000000085e00000| Untracked 
|  65|0x0000000085f00000, 0x0000000085f00000, 0x0000000086000000|  0%| F|  |TAMS 0x0000000085f00000, 0x0000000085f00000| Untracked 
|  66|0x0000000086000000, 0x0000000086000000, 0x0000000086100000|  0%| F|  |TAMS 0x0000000086000000, 0x0000000086000000| Untracked 
|  67|0x0000000086100000, 0x0000000086100000, 0x0000000086200000|  0%| F|  |TAMS 0x0000000086100000, 0x0000000086100000| Untracked 
|  68|0x0000000086200000, 0x0000000086200000, 0x0000000086300000|  0%| F|  |TAMS 0x0000000086200000, 0x0000000086200000| Untracked 
|  69|0x0000000086300000, 0x0000000086300000, 0x0000000086400000|  0%| F|  |TAMS 0x0000000086300000, 0x0000000086300000| Untracked 
|  70|0x0000000086400000, 0x0000000086400000, 0x0000000086500000|  0%| F|  |TAMS 0x0000000086400000, 0x0000000086400000| Untracked 
|  71|0x0000000086500000, 0x0000000086500000, 0x0000000086600000|  0%| F|  |TAMS 0x0000000086500000, 0x0000000086500000| Untracked 
|  72|0x0000000086600000, 0x0000000086600000, 0x0000000086700000|  0%| F|  |TAMS 0x0000000086600000, 0x0000000086600000| Untracked 
|  73|0x0000000086700000, 0x0000000086700000, 0x0000000086800000|  0%| F|  |TAMS 0x0000000086700000, 0x0000000086700000| Untracked 
|  74|0x0000000086800000, 0x0000000086800000, 0x0000000086900000|  0%| F|  |TAMS 0x0000000086800000, 0x0000000086800000| Untracked 
|  75|0x0000000086900000, 0x0000000086900000, 0x0000000086a00000|  0%| F|  |TAMS 0x0000000086900000, 0x0000000086900000| Untracked 
|  76|0x0000000086a00000, 0x0000000086a00000, 0x0000000086b00000|  0%| F|  |TAMS 0x0000000086a00000, 0x0000000086a00000| Untracked 
|  77|0x0000000086b00000, 0x0000000086b00000, 0x0000000086c00000|  0%| F|  |TAMS 0x0000000086b00000, 0x0000000086b00000| Untracked 
|  78|0x0000000086c00000, 0x0000000086c00000, 0x0000000086d00000|  0%| F|  |TAMS 0x0000000086c00000, 0x0000000086c00000| Untracked 
|  79|0x0000000086d00000, 0x0000000086d00000, 0x0000000086e00000|  0%| F|  |TAMS 0x0000000086d00000, 0x0000000086d00000| Untracked 
|  80|0x0000000086e00000, 0x0000000086e00000, 0x0000000086f00000|  0%| F|  |TAMS 0x0000000086e00000, 0x0000000086e00000| Untracked 
|  81|0x0000000086f00000, 0x0000000086f00000, 0x0000000087000000|  0%| F|  |TAMS 0x0000000086f00000, 0x0000000086f00000| Untracked 
|  82|0x0000000087000000, 0x0000000087000000, 0x0000000087100000|  0%| F|  |TAMS 0x0000000087000000, 0x0000000087000000| Untracked 
|  83|0x0000000087100000, 0x0000000087100000, 0x0000000087200000|  0%| F|  |TAMS 0x0000000087100000, 0x0000000087100000| Untracked 
|  84|0x0000000087200000, 0x0000000087200000, 0x0000000087300000|  0%| F|  |TAMS 0x0000000087200000, 0x0000000087200000| Untracked 
|  85|0x0000000087300000, 0x0000000087300000, 0x0000000087400000|  0%| F|  |TAMS 0x0000000087300000, 0x0000000087300000| Untracked 
|  86|0x0000000087400000, 0x0000000087400000, 0x0000000087500000|  0%| F|  |TAMS 0x0000000087400000, 0x0000000087400000| Untracked 
|  87|0x0000000087500000, 0x0000000087500000, 0x0000000087600000|  0%| F|  |TAMS 0x0000000087500000, 0x0000000087500000| Untracked 
|  88|0x0000000087600000, 0x0000000087600000, 0x0000000087700000|  0%| F|  |TAMS 0x0000000087600000, 0x0000000087600000| Untracked 
|  89|0x0000000087700000, 0x0000000087700000, 0x0000000087800000|  0%| F|  |TAMS 0x0000000087700000, 0x0000000087700000| Untracked 
|  90|0x0000000087800000, 0x0000000087800000, 0x0000000087900000|  0%| F|  |TAMS 0x0000000087800000, 0x0000000087800000| Untracked 
|  91|0x0000000087900000, 0x0000000087900000, 0x0000000087a00000|  0%| F|  |TAMS 0x0000000087900000, 0x0000000087900000| Untracked 
|  92|0x0000000087a00000, 0x0000000087a00000, 0x0000000087b00000|  0%| F|  |TAMS 0x0000000087a00000, 0x0000000087a00000| Untracked 
|  93|0x0000000087b00000, 0x0000000087b00000, 0x0000000087c00000|  0%| F|  |TAMS 0x0000000087b00000, 0x0000000087b00000| Untracked 
|  94|0x0000000087c00000, 0x0000000087c00000, 0x0000000087d00000|  0%| F|  |TAMS 0x0000000087c00000, 0x0000000087c00000| Untracked 
|  95|0x0000000087d00000, 0x0000000087d00000, 0x0000000087e00000|  0%| F|  |TAMS 0x0000000087d00000, 0x0000000087d00000| Untracked 
|  96|0x0000000087e00000, 0x0000000087e00000, 0x0000000087f00000|  0%| F|  |TAMS 0x0000000087e00000, 0x0000000087e00000| Untracked 
|  97|0x0000000087f00000, 0x0000000087f00000, 0x0000000088000000|  0%| F|  |TAMS 0x0000000087f00000, 0x0000000087f00000| Untracked 
|  98|0x0000000088000000, 0x0000000088000000, 0x0000000088100000|  0%| F|  |TAMS 0x0000000088000000, 0x0000000088000000| Untracked 
|  99|0x0000000088100000, 0x0000000088100000, 0x0000000088200000|  0%| F|  |TAMS 0x0000000088100000, 0x0000000088100000| Untracked 
| 100|0x0000000088200000, 0x0000000088200000, 0x0000000088300000|  0%| F|  |TAMS 0x0000000088200000, 0x0000000088200000| Untracked 
| 101|0x0000000088300000, 0x0000000088300000, 0x0000000088400000|  0%| F|  |TAMS 0x0000000088300000, 0x0000000088300000| Untracked 
| 102|0x0000000088400000, 0x0000000088400000, 0x0000000088500000|  0%| F|  |TAMS 0x0000000088400000, 0x0000000088400000| Untracked 
| 103|0x0000000088500000, 0x0000000088500000, 0x0000000088600000|  0%| F|  |TAMS 0x0000000088500000, 0x0000000088500000| Untracked 
| 104|0x0000000088600000, 0x0000000088600000, 0x0000000088700000|  0%| F|  |TAMS 0x0000000088600000, 0x0000000088600000| Untracked 
| 105|0x0000000088700000, 0x0000000088700000, 0x0000000088800000|  0%| F|  |TAMS 0x0000000088700000, 0x0000000088700000| Untracked 
| 106|0x0000000088800000, 0x0000000088800000, 0x0000000088900000|  0%| F|  |TAMS 0x0000000088800000, 0x0000000088800000| Untracked 
| 107|0x0000000088900000, 0x0000000088900000, 0x0000000088a00000|  0%| F|  |TAMS 0x0000000088900000, 0x0000000088900000| Untracked 
| 108|0x0000000088a00000, 0x0000000088a00000, 0x0000000088b00000|  0%| F|  |TAMS 0x0000000088a00000, 0x0000000088a00000| Untracked 
| 109|0x0000000088b00000, 0x0000000088b00000, 0x0000000088c00000|  0%| F|  |TAMS 0x0000000088b00000, 0x0000000088b00000| Untracked 
| 110|0x0000000088c00000, 0x0000000088c00000, 0x0000000088d00000|  0%| F|  |TAMS 0x0000000088c00000, 0x0000000088c00000| Untracked 
| 111|0x0000000088d00000, 0x0000000088d00000, 0x0000000088e00000|  0%| F|  |TAMS 0x0000000088d00000, 0x0000000088d00000| Untracked 
| 112|0x0000000088e00000, 0x0000000088e00000, 0x0000000088f00000|  0%| F|  |TAMS 0x0000000088e00000, 0x0000000088e00000| Untracked 
| 113|0x0000000088f00000, 0x0000000088f00000, 0x0000000089000000|  0%| F|  |TAMS 0x0000000088f00000, 0x0000000088f00000| Untracked 
| 114|0x0000000089000000, 0x0000000089000000, 0x0000000089100000|  0%| F|  |TAMS 0x0000000089000000, 0x0000000089000000| Untracked 
| 115|0x0000000089100000, 0x0000000089100000, 0x0000000089200000|  0%| F|  |TAMS 0x0000000089100000, 0x0000000089100000| Untracked 
| 116|0x0000000089200000, 0x0000000089200000, 0x0000000089300000|  0%| F|  |TAMS 0x0000000089200000, 0x0000000089200000| Untracked 
| 117|0x0000000089300000, 0x0000000089300000, 0x0000000089400000|  0%| F|  |TAMS 0x0000000089300000, 0x0000000089300000| Untracked 
| 118|0x0000000089400000, 0x00000000894430f0, 0x0000000089500000| 26%| E|  |TAMS 0x0000000089400000, 0x0000000089400000| Complete 
| 119|0x0000000089500000, 0x0000000089600000, 0x0000000089600000|100%| E|CS|TAMS 0x0000000089500000, 0x0000000089500000| Complete 
| 120|0x0000000089600000, 0x0000000089700000, 0x0000000089700000|100%| E|CS|TAMS 0x0000000089600000, 0x0000000089600000| Complete 
| 121|0x0000000089700000, 0x0000000089800000, 0x0000000089800000|100%| E|CS|TAMS 0x0000000089700000, 0x0000000089700000| Complete 
| 122|0x0000000089800000, 0x0000000089900000, 0x0000000089900000|100%| E|CS|TAMS 0x0000000089800000, 0x0000000089800000| Complete 
| 123|0x0000000089900000, 0x0000000089a00000, 0x0000000089a00000|100%| E|CS|TAMS 0x0000000089900000, 0x0000000089900000| Complete 
| 124|0x0000000089a00000, 0x0000000089b00000, 0x0000000089b00000|100%| E|CS|TAMS 0x0000000089a00000, 0x0000000089a00000| Complete 
| 125|0x0000000089b00000, 0x0000000089c00000, 0x0000000089c00000|100%| E|CS|TAMS 0x0000000089b00000, 0x0000000089b00000| Complete 
| 126|0x0000000089c00000, 0x0000000089cffb98, 0x0000000089d00000| 99%| E|  |TAMS 0x0000000089c00000, 0x0000000089c00000| Complete 
| 127|0x0000000089d00000, 0x0000000089e00000, 0x0000000089e00000|100%| E|CS|TAMS 0x0000000089d00000, 0x0000000089d00000| Complete 

Card table byte_map: [0x00000206a8a80000,0x00000206a8e80000] _byte_map_base: 0x00000206a8671000

Marking Bits (Prev, Next): (CMBitMap*) 0x0000020691e3fd60, (CMBitMap*) 0x0000020691e3fda0
 Prev Bits: [0x00000206a9280000, 0x00000206ab208000)
 Next Bits: [0x00000206ab210000, 0x00000206ad198000)

Polling page: 0x000002068fd50000

Metaspace:

Usage:
  Non-class:      1.38 MB used.
      Class:    120.16 KB used.
       Both:      1.50 MB used.

Virtual space:
  Non-class space:       64.00 MB reserved,       1.44 MB (  2%) committed,  1 nodes.
      Class space:        1.00 GB reserved,     192.00 KB ( <1%) committed,  1 nodes.
             Both:        1.06 GB reserved,       1.62 MB ( <1%) committed. 

Chunk freelists:
   Non-Class:  11.55 MB
       Class:  15.69 MB
        Both:  27.23 MB

MaxMetaspaceSize: unlimited
CompressedClassSpaceSize: 1.00 GB
Initial GC threshold: 21.00 MB
Current GC threshold: 21.00 MB
CDS: on
MetaspaceReclaimPolicy: balanced
 - commit_granule_bytes: 65536.
 - commit_granule_words: 8192.
 - virtual_space_node_default_size: 8388608.
 - enlarge_chunks_in_place: 1.
 - new_chunks_are_fully_committed: 0.
 - uncommit_free_chunks: 1.
 - use_allocation_guard: 0.
 - handle_deallocations: 1.


Internal statistics:

num_allocs_failed_limit: 0.
num_arena_births: 10.
num_arena_deaths: 0.
num_vsnodes_births: 2.
num_vsnodes_deaths: 0.
num_space_committed: 26.
num_space_uncommitted: 0.
num_chunks_returned_to_freelist: 0.
num_chunks_taken_from_freelist: 34.
num_chunk_merges: 0.
num_chunk_splits: 22.
num_chunks_enlarged: 18.
num_purges: 0.
num_inconsistent_stats: 0.

CodeHeap 'non-profiled nmethods': size=120000Kb used=158Kb max_used=158Kb free=119841Kb
 bounds [0x00000206a1150000, 0x00000206a13c0000, 0x00000206a8680000]
CodeHeap 'profiled nmethods': size=120000Kb used=704Kb max_used=704Kb free=119295Kb
 bounds [0x0000020699680000, 0x00000206998f0000, 0x00000206a0bb0000]
CodeHeap 'non-nmethods': size=5760Kb used=1121Kb max_used=1139Kb free=4638Kb
 bounds [0x00000206a0bb0000, 0x00000206a0e20000, 0x00000206a1150000]
 total_blobs=885 nmethods=482 adapters=316
 compilation: enabled
              stopped_count=0, restarted_count=0
 full_count=0

Compilation events (20 events):
Event: 2.481 Thread 0x00000206af644c20 nmethod 464 0x00000206a1173310 code [0x00000206a11734c0, 0x00000206a1173c98]
Event: 2.481 Thread 0x00000206af644c20  466       4       java.lang.StringCoding::hasNegatives (25 bytes)
Event: 2.485 Thread 0x00000206af644c20 nmethod 466 0x00000206a1174110 code [0x00000206a1174280, 0x00000206a11743f8]
Event: 2.485 Thread 0x00000206af644c20  467       4       java.util.Objects::requireNonNull (14 bytes)
Event: 2.486 Thread 0x00000206af644c20 nmethod 467 0x00000206a1174510 code [0x00000206a1174680, 0x00000206a11746f8]
Event: 2.488 Thread 0x00000206af644c20  473   !   4       java.util.zip.ZipFile$Source::getEntryPos (173 bytes)
Event: 2.494 Thread 0x00000206af6485f0  475       3       sun.net.www.ParseUtil::encodePath (41 bytes)
Event: 2.495 Thread 0x00000206af6485f0 nmethod 475 0x000002069972cf90 code [0x000002069972d160, 0x000002069972d3c8]
Event: 2.495 Thread 0x00000206af6485f0  476   !   3       java.util.zip.ZipFile$ZipFileInputStream::close (59 bytes)
Event: 2.495 Thread 0x00000206af6485f0 nmethod 476 0x000002069972d490 code [0x000002069972d640, 0x000002069972d9a8]
Event: 2.497 Thread 0x00000206af6485f0  477       3       java.util.ArrayDeque::poll (5 bytes)
Event: 2.498 Thread 0x00000206af6485f0 nmethod 477 0x000002069972db90 code [0x000002069972dd40, 0x000002069972de88]
Event: 2.498 Thread 0x00000206af6485f0  479       3       java.util.WeakHashMap::remove (131 bytes)
Event: 2.499 Thread 0x00000206af6485f0 nmethod 479 0x000002069972df10 code [0x000002069972e160, 0x000002069972ecd8]
Event: 2.499 Thread 0x00000206af6485f0  478       3       java.util.Collections$SetFromMap::remove (19 bytes)
Event: 2.499 Thread 0x00000206af6485f0 nmethod 478 0x000002069972f110 code [0x000002069972f2c0, 0x000002069972f4e8]
Event: 2.499 Thread 0x00000206af6485f0  480       3       jdk.internal.access.SharedSecrets::javaUtilJarAccess (19 bytes)
Event: 2.500 Thread 0x00000206af6485f0 nmethod 480 0x000002069972f590 code [0x000002069972f780, 0x000002069972fb48]
Event: 2.501 Thread 0x00000206af6485f0  481       3       java.nio.ByteBuffer::position (8 bytes)
Event: 2.502 Thread 0x00000206af6485f0 nmethod 481 0x000002069972fd10 code [0x000002069972fea0, 0x000002069972ffe8]

GC Heap History (0 events):
No events

Deoptimization events (20 events):
Event: 1.998 Thread 0x0000020691de5660 Uncommon trap: trap_request=0xffffff45 fr.pc=0x00000206a1161160 relative=0x00000000000006a0
Event: 1.998 Thread 0x0000020691de5660 Uncommon trap: reason=unstable_if action=reinterpret pc=0x00000206a1161160 method=java.util.zip.ZipFile$Source.checkAndAddEntry(II)I @ 50 c2
Event: 1.998 Thread 0x0000020691de5660 DEOPT PACKING pc=0x00000206a1161160 sp=0x00000007d8efdcc0
Event: 1.998 Thread 0x0000020691de5660 DEOPT UNPACKING pc=0x00000206a0c023a3 sp=0x00000007d8efdc30 mode 2
Event: 2.355 Thread 0x0000020691de5660 Uncommon trap: trap_request=0xffffff45 fr.pc=0x00000206a1151c5c relative=0x000000000000005c
Event: 2.355 Thread 0x0000020691de5660 Uncommon trap: reason=unstable_if action=reinterpret pc=0x00000206a1151c5c method=java.lang.String.isLatin1()Z @ 10 c2
Event: 2.355 Thread 0x0000020691de5660 DEOPT PACKING pc=0x00000206a1151c5c sp=0x00000007d8efe150
Event: 2.355 Thread 0x0000020691de5660 DEOPT UNPACKING pc=0x00000206a0c023a3 sp=0x00000007d8efe0e0 mode 2
Event: 2.355 Thread 0x0000020691de5660 Uncommon trap: trap_request=0xffffff45 fr.pc=0x00000206a11515f4 relative=0x0000000000000074
Event: 2.355 Thread 0x0000020691de5660 Uncommon trap: reason=unstable_if action=reinterpret pc=0x00000206a11515f4 method=java.lang.String.isLatin1()Z @ 10 c2
Event: 2.355 Thread 0x0000020691de5660 DEOPT PACKING pc=0x00000206a11515f4 sp=0x00000007d8efeb00
Event: 2.355 Thread 0x0000020691de5660 DEOPT UNPACKING pc=0x00000206a0c023a3 sp=0x00000007d8efea40 mode 2
Event: 2.461 Thread 0x0000020691de5660 Uncommon trap: trap_request=0xffffff45 fr.pc=0x00000206a11654e4 relative=0x0000000000000064
Event: 2.461 Thread 0x0000020691de5660 Uncommon trap: reason=unstable_if action=reinterpret pc=0x00000206a11654e4 method=java.io.WinNTFileSystem.isSlash(C)Z @ 9 c2
Event: 2.461 Thread 0x0000020691de5660 DEOPT PACKING pc=0x00000206a11654e4 sp=0x00000007d8efd870
Event: 2.461 Thread 0x0000020691de5660 DEOPT UNPACKING pc=0x00000206a0c023a3 sp=0x00000007d8efd7f8 mode 2
Event: 2.465 Thread 0x0000020691de5660 DEOPT PACKING pc=0x00000206996e2354 sp=0x00000007d8efccc0
Event: 2.465 Thread 0x0000020691de5660 DEOPT UNPACKING pc=0x00000206a0c02b43 sp=0x00000007d8efc170 mode 0
Event: 2.468 Thread 0x0000020691de5660 DEOPT PACKING pc=0x00000206996c8a56 sp=0x00000007d8ef9520
Event: 2.468 Thread 0x0000020691de5660 DEOPT UNPACKING pc=0x00000206a0c02b43 sp=0x00000007d8ef89c0 mode 0

Classes unloaded (0 events):
No events

Classes redefined (0 events):
No events

Internal exceptions (2 events):
Event: 2.367 Thread 0x00000206afac5b70 Exception <a 'java/lang/NoSuchMethodError'{0x0000000089647518}: 'java.lang.Object java.lang.invoke.DirectMethodHandle$Holder.invokeStaticInit(java.lang.Object)'> (0x0000000089647518) 
thrown [s\open\src\hotspot\share\interpreter\linkResolver.cpp, line 759]
Event: 2.385 Thread 0x00000206afac5b70 Exception <a 'java/lang/NoSuchMethodError'{0x00000000896551d8}: 'void java.lang.invoke.DirectMethodHandle$Holder.invokeStatic(java.lang.Object, java.lang.Object)'> (0x00000000896551d8) 
thrown [s\open\src\hotspot\share\interpreter\linkResolver.cpp, line 759]

VM Operations (10 events):
Event: 1.869 Executing VM operation: HandshakeAllThreads
Event: 1.869 Executing VM operation: HandshakeAllThreads done
Event: 2.363 Executing VM operation: HandshakeAllThreads
Event: 2.364 Executing VM operation: HandshakeAllThreads done
Event: 2.364 Executing VM operation: Cleanup
Event: 2.364 Executing VM operation: Cleanup done
Event: 2.441 Executing VM operation: HandshakeAllThreads
Event: 2.441 Executing VM operation: HandshakeAllThreads done
Event: 2.461 Executing VM operation: HandshakeAllThreads
Event: 2.461 Executing VM operation: HandshakeAllThreads done

Events (20 events):
Event: 2.459 loading class sun/net/www/protocol/jar/URLJarFile$URLJarFileCloseController done
Event: 2.459 loading class sun/net/www/protocol/jar/JarFileFactory done
Event: 2.459 loading class sun/net/www/protocol/file/FileURLConnection
Event: 2.459 loading class sun/net/www/URLConnection
Event: 2.459 loading class sun/net/www/URLConnection done
Event: 2.459 loading class sun/net/www/protocol/file/FileURLConnection done
Event: 2.460 loading class sun/net/www/MessageHeader
Event: 2.460 loading class sun/net/www/MessageHeader done
Event: 2.460 loading class sun/net/www/protocol/jar/URLJarFile
Event: 2.460 loading class sun/net/www/protocol/jar/URLJarFile done
Event: 2.462 loading class sun/net/www/protocol/jar/URLJarFile$URLJarFileEntry
Event: 2.462 loading class sun/net/www/protocol/jar/URLJarFile$URLJarFileEntry done
Event: 2.462 loading class sun/net/www/protocol/jar/JarURLConnection$JarURLInputStream
Event: 2.462 loading class sun/net/www/protocol/jar/JarURLConnection$JarURLInputStream done
Event: 2.463 loading class java/util/LinkedHashMap$LinkedKeySet
Event: 2.463 loading class java/util/LinkedHashMap$LinkedKeySet done
Event: 2.463 loading class java/util/LinkedHashMap$LinkedKeyIterator
Event: 2.463 loading class java/util/LinkedHashMap$LinkedKeyIterator done
Event: 2.494 loading class java/lang/IndexOutOfBoundsException
Event: 2.494 loading class java/lang/IndexOutOfBoundsException done


Dynamic libraries:
0x00007ff7f7cb0000 - 0x00007ff7f7cc0000 	C:\Program Files\Java\jdk-17\bin\java.exe
0x00007ff992670000 - 0x00007ff992867000 	C:\WINDOWS\SYSTEM32\ntdll.dll
0x00007ff991380000 - 0x00007ff99143d000 	C:\WINDOWS\System32\KERNEL32.DLL
0x00007ff990190000 - 0x00007ff990486000 	C:\WINDOWS\System32\KERNELBASE.dll
0x00007ff990490000 - 0x00007ff990590000 	C:\WINDOWS\System32\ucrtbase.dll
0x00007ff98b1b0000 - 0x00007ff98b1cb000 	C:\Program Files\Java\jdk-17\bin\VCRUNTIME140.dll
0x00007ff980b80000 - 0x00007ff980b99000 	C:\Program Files\Java\jdk-17\bin\jli.dll
0x00007ff992280000 - 0x00007ff99232e000 	C:\WINDOWS\System32\ADVAPI32.dll
0x00007ff9908f0000 - 0x00007ff99098e000 	C:\WINDOWS\System32\msvcrt.dll
0x00007ff9906d0000 - 0x00007ff99076c000 	C:\WINDOWS\System32\sechost.dll
0x00007ff9920e0000 - 0x00007ff992206000 	C:\WINDOWS\System32\RPCRT4.dll
0x00007ff992360000 - 0x00007ff9924fe000 	C:\WINDOWS\System32\USER32.dll
0x00007ff98fec0000 - 0x00007ff98fee2000 	C:\WINDOWS\System32\win32u.dll
0x00007ff9919a0000 - 0x00007ff9919cc000 	C:\WINDOWS\System32\GDI32.dll
0x00007ff98fda0000 - 0x00007ff98feba000 	C:\WINDOWS\System32\gdi32full.dll
0x00007ff98ff20000 - 0x00007ff98ffbd000 	C:\WINDOWS\System32\msvcp_win.dll
0x00007ff97f870000 - 0x00007ff97fb0a000 	C:\WINDOWS\WinSxS\amd64_microsoft.windows.common-controls_6595b64144ccf1df_6.0.19041.3570_none_60bb2a3971f3e41a\COMCTL32.dll
0x00007ff980d90000 - 0x00007ff980d9a000 	C:\WINDOWS\SYSTEM32\VERSION.dll
0x00007ff991de0000 - 0x00007ff991e10000 	C:\WINDOWS\System32\IMM32.DLL
0x00007ff98b1a0000 - 0x00007ff98b1ac000 	C:\Program Files\Java\jdk-17\bin\vcruntime140_1.dll
0x00007ff976830000 - 0x00007ff9768be000 	C:\Program Files\Java\jdk-17\bin\msvcp140.dll
0x00007ff952350000 - 0x00007ff952f2e000 	C:\Program Files\Java\jdk-17\bin\server\jvm.dll
0x00007ff991280000 - 0x00007ff991288000 	C:\WINDOWS\System32\PSAPI.DLL
0x00007ff98bc00000 - 0x00007ff98bc09000 	C:\WINDOWS\SYSTEM32\WSOCK32.dll
0x00007ff992210000 - 0x00007ff99227b000 	C:\WINDOWS\System32\WS2_32.dll
0x00007ff97f7c0000 - 0x00007ff97f7e7000 	C:\WINDOWS\SYSTEM32\WINMM.dll
0x00007ff98dbf0000 - 0x00007ff98dc02000 	C:\WINDOWS\SYSTEM32\kernel.appcore.dll
0x00007ff980c40000 - 0x00007ff980c4a000 	C:\Program Files\Java\jdk-17\bin\jimage.dll
0x00007ff978c40000 - 0x00007ff978e24000 	C:\WINDOWS\SYSTEM32\DBGHELP.DLL
0x00007ff978be0000 - 0x00007ff978c14000 	C:\WINDOWS\SYSTEM32\dbgcore.DLL
0x00007ff990590000 - 0x00007ff990612000 	C:\WINDOWS\System32\bcryptPrimitives.dll
0x00007ff98b190000 - 0x00007ff98b19e000 	C:\Program Files\Java\jdk-17\bin\instrument.dll
0x00007ff9806e0000 - 0x00007ff980705000 	C:\Program Files\Java\jdk-17\bin\java.dll
0x00007ff96f060000 - 0x00007ff96f137000 	C:\Program Files\Java\jdk-17\bin\jsvml.dll
0x00007ff990990000 - 0x00007ff9910d4000 	C:\WINDOWS\System32\SHELL32.dll
0x00007ff98ddf0000 - 0x00007ff98e58b000 	C:\WINDOWS\SYSTEM32\windows.storage.dll
0x00007ff9919d0000 - 0x00007ff991d24000 	C:\WINDOWS\System32\combase.dll
0x00007ff98f790000 - 0x00007ff98f7bd000 	C:\WINDOWS\SYSTEM32\Wldp.dll
0x00007ff991d30000 - 0x00007ff991ddd000 	C:\WINDOWS\System32\SHCORE.dll
0x00007ff991220000 - 0x00007ff991275000 	C:\WINDOWS\System32\shlwapi.dll
0x00007ff98fc80000 - 0x00007ff98fca5000 	C:\WINDOWS\SYSTEM32\profapi.dll
0x00007ff97ecb0000 - 0x00007ff97ecc8000 	C:\Program Files\Java\jdk-17\bin\zip.dll
0x00007ff980360000 - 0x00007ff980379000 	C:\Program Files\Java\jdk-17\bin\net.dll
0x00007ff983340000 - 0x00007ff98344a000 	C:\WINDOWS\SYSTEM32\WINHTTP.dll
0x00007ff98f4f0000 - 0x00007ff98f55a000 	C:\WINDOWS\system32\mswsock.dll
0x00007ff9800f0000 - 0x00007ff980106000 	C:\Program Files\Java\jdk-17\bin\nio.dll
0x00007ff97edb0000 - 0x00007ff97edca000 	C:\Program Files\JetBrains\IntelliJ IDEA Community Edition 2023.2\bin\breakgen64.dll

dbghelp: loaded successfully - version: 4.0.5 - missing functions: none
symbol engine: initialized successfully - sym options: 0x614 - pdb path: .;C:\Program Files\Java\jdk-17\bin;C:\WINDOWS\SYSTEM32;C:\WINDOWS\WinSxS\amd64_microsoft.windows.common-controls_6595b64144ccf1df_6.0.19041.3570_none_60bb2a3971f3e41a;C:\Program Files\Java\jdk-17\bin\server;C:\Program Files\JetBrains\IntelliJ IDEA Community Edition 2023.2\bin

VM Arguments:
jvm_args: -javaagent:C:\Program Files\JetBrains\IntelliJ IDEA Community Edition 2023.2\lib\idea_rt.jar=55516:C:\Program Files\JetBrains\IntelliJ IDEA Community Edition 2023.2\bin -Dfile.encoding=UTF-8 
java_command: com.group3.torikago.Torikago.Shop.TorikagoShopApplication
java_class_path (initial): D:\Fall 2023\NguyenHokageThe8th\Torikago-Shop\target\classes;C:\Users\TuanKiet\.m2\repository\org\springframework\boot\spring-boot-starter-data-jpa\3.1.3\spring-boot-starter-data-jpa-3.1.3.jar;C:\Users\TuanKiet\.m2\repository\org\springframework\boot\spring-boot-starter-aop\3.1.3\spring-boot-starter-aop-3.1.3.jar;C:\Users\TuanKiet\.m2\repository\org\aspectj\aspectjweaver\1.9.20\aspectjweaver-1.9.20.jar;C:\Users\TuanKiet\.m2\repository\org\springframework\boot\spring-boot-starter-jdbc\3.1.3\spring-boot-starter-jdbc-3.1.3.jar;C:\Users\TuanKiet\.m2\repository\com\zaxxer\HikariCP\5.0.1\HikariCP-5.0.1.jar;C:\Users\TuanKiet\.m2\repository\org\springframework\spring-jdbc\6.0.11\spring-jdbc-6.0.11.jar;C:\Users\TuanKiet\.m2\repository\org\hibernate\orm\hibernate-core\6.2.7.Final\hibernate-core-6.2.7.Final.jar;C:\Users\TuanKiet\.m2\repository\jakarta\persistence\jakarta.persistence-api\3.1.0\jakarta.persistence-api-3.1.0.jar;C:\Users\TuanKiet\.m2\repository\jakarta\transaction\jakarta.transaction-api\2.0.1\jakarta.transaction-api-2.0.1.jar;C:\Users\TuanKiet\.m2\repository\org\jboss\logging\jboss-logging\3.5.3.Final\jboss-logging-3.5.3.Final.jar;C:\Users\TuanKiet\.m2\repository\org\hibernate\common\hibernate-commons-annotations\6.0.6.Final\hibernate-commons-annotations-6.0.6.Final.jar;C:\Users\TuanKiet\.m2\repository\io\smallrye\jandex\3.0.5\jandex-3.0.5.jar;C:\Users\TuanKiet\.m2\repository\com\fasterxml\classmate\1.5.1\classmate-1.5.1.jar;C:\Users\TuanKiet\.m2\repository\org\glassfish\jaxb\jaxb-runtime\4.0.3\jaxb-runtime-4.0.3.jar;C:\Users\TuanKiet\.m2\repository\org\glassfish\jaxb\jaxb-core\4.0.3\jaxb-core-4.0.3.jar;C:\Users\TuanKiet\.m2\repository\org\glassfish\jaxb\txw2\4.0.3\txw2-4.0.3.jar;C:\Users\TuanKiet\.m2\repository\com\sun\istack\istack-commons-runtime\4.1.2\istack-commons-runtime-4.1.2.jar;C:\Users\TuanKiet\.m2\repository\jakarta\inject\jakarta.inject-api\2.0.1\jakarta.inject-api-2.0.1.jar;C:\Users\TuanKiet\.m2\repository\org\antlr\ant
Launcher Type: SUN_STANDARD

[Global flags]
     intx CICompilerCount                          = 3                                         {product} {ergonomic}
     uint ConcGCThreads                            = 1                                         {product} {ergonomic}
     uint G1ConcRefinementThreads                  = 4                                         {product} {ergonomic}
   size_t G1HeapRegionSize                         = 1048576                                   {product} {ergonomic}
    uintx GCDrainStackTargetSize                   = 64                                        {product} {ergonomic}
   size_t InitialHeapSize                          = 134217728                                 {product} {ergonomic}
   size_t MarkStackSize                            = 4194304                                   {product} {ergonomic}
   size_t MaxHeapSize                              = 2116026368                                {product} {ergonomic}
   size_t MaxNewSize                               = 1268776960                                {product} {ergonomic}
   size_t MinHeapDeltaBytes                        = 1048576                                   {product} {ergonomic}
   size_t MinHeapSize                              = 8388608                                   {product} {ergonomic}
    uintx NonNMethodCodeHeapSize                   = 5832780                                {pd product} {ergonomic}
    uintx NonProfiledCodeHeapSize                  = 122912730                              {pd product} {ergonomic}
    uintx ProfiledCodeHeapSize                     = 122912730                              {pd product} {ergonomic}
    uintx ReservedCodeCacheSize                    = 251658240                              {pd product} {ergonomic}
     bool SegmentedCodeCache                       = true                                      {product} {ergonomic}
   size_t SoftMaxHeapSize                          = 2116026368                             {manageable} {ergonomic}
     bool UseCompressedClassPointers               = true                           {product lp64_product} {ergonomic}
     bool UseCompressedOops                        = true                           {product lp64_product} {ergonomic}
     bool UseG1GC                                  = true                                      {product} {ergonomic}
     bool UseLargePagesIndividualAllocation        = false                                  {pd product} {ergonomic}

Logging:
Log output configuration:
 #0: stdout all=warning uptime,level,tags
 #1: stderr all=off uptime,level,tags

Environment Variables:
JAVA_HOME=C:\Program Files\Java\jdk-20
PATH=C:\WINDOWS\system32;C:\WINDOWS;C:\WINDOWS\System32\Wbem;C:\WINDOWS\System32\WindowsPowerShell\v1.0\;C:\WINDOWS\System32\OpenSSH\;C:\Program Files (x86)\Microsoft SQL Server\160\Tools\Binn\;C:\Program Files\Microsoft SQL Server\160\Tools\Binn\;C:\Program Files\Microsoft SQL Server\Client SDK\ODBC\170\Tools\Binn\;C:\Program Files\Microsoft SQL Server\160\DTS\Binn\;C:\Program Files (x86)\Microsoft SQL Server\160\DTS\Binn\;C:\Program Files\Azure Data Studio\bin;D:\Summer 2023\PRJ301\Git\cmd;C:\Program Files\dotnet\;C:\Program Files\Microsoft SQL Server\150\Tools\Binn\;C:\Program Files\Java\jdk-20\BIN;D:\Fall 2023\SWT301\apache-maven-3.9.4\bin;C:\Users\TuanKiet\AppData\Local\Microsoft\WindowsApps;;C:\Program Files\Azure Data Studio\bin;D:\Spring 2023\Web201c\Microsoft VS Code\bin;C:\Users\TuanKiet\.dotnet\tools
USERNAME=TuanKiet
OS=Windows_NT
PROCESSOR_IDENTIFIER=Intel64 Family 6 Model 61 Stepping 4, GenuineIntel



---------------  S Y S T E M  ---------------

OS:
 Windows 10 , 64 bit Build 19041 (10.0.19041.3570)
OS uptime: 16 days 1:09 hours

CPU: total 4 (initial active 4) (2 cores per cpu, 2 threads per core) family 6 model 61 stepping 4 microcode 0x2d, cx8, cmov, fxsr, ht, mmx, 3dnowpref, sse, sse2, sse3, ssse3, sse4.1, sse4.2, popcnt, lzcnt, tsc, tscinvbit, avx, avx2, aes, erms, clmul, bmi1, bmi2, rtm, adx, fma, vzeroupper, clflush

Memory: 4k page, system-wide physical 8067M (567M free)
TotalPageFile size 20427M (AvailPageFile size 3M)
current process WorkingSet (physical memory assigned to process): 49M, peak: 49M
current process commit charge ("private bytes"): 208M, peak: 208M

vm_info: Java HotSpot(TM) 64-Bit Server VM (17.0.8+9-LTS-211) for windows-amd64 JRE (17.0.8+9-LTS-211), built on Jun 14 2023 10:34:31 by "mach5one" with MS VC++ 17.1 (VS2022)

END.
